

Started GET "/clientes/new" for 127.0.0.1 at 2015-05-09 12:18:40 -0500
  [1m[36mActiveRecord::SchemaMigration Load (0.5ms)[0m  [1mSELECT "schema_migrations".* FROM "schema_migrations"[0m
Processing by ClientesController#new as HTML
  Rendered clientes/_form.html.erb (205.6ms)
  Rendered clientes/new.html.erb within layouts/application (218.9ms)
  Rendered layouts/_navigation_links.html.erb (1.2ms)
  Rendered layouts/_messages.html.erb (2.0ms)
  Rendered layouts/_footer.html.erb (2.9ms)
Completed 200 OK in 1083ms (Views: 1005.6ms | ActiveRecord: 1.7ms)


Started POST "/clientes" for 127.0.0.1 at 2015-05-09 12:21:10 -0500
Processing by ClientesController#create as HTML
  Parameters: {"utf8"=>"✓", "authenticity_token"=>"C0GI1yYbq8sjT3/Zq57SHo7Rxb0LTjZ2oy/WwmC21D0FKcj9G3BZPdZhzu/hximecylh/eVK9ReMsb4xtQb+uQ==", "cliente"=>{"nombre"=>"", "telefono"=>"", "celular"=>"", "barrio"=>"", "direccion"=>"", "referenciadir"=>"", "fecha(1i)"=>"2015", "fecha(2i)"=>"5", "fecha(3i)"=>"9", "hora"=>"", "ocacion"=>"", "valor"=>""}, "commit"=>"Guardar"}
  [1m[35m (0.3ms)[0m  begin transaction
  [1m[36m (0.3ms)[0m  [1mrollback transaction[0m
  Rendered clientes/_form.html.erb (33.2ms)
  Rendered clientes/new.html.erb within layouts/application (36.8ms)
  Rendered layouts/_navigation_links.html.erb (0.2ms)
  Rendered layouts/_messages.html.erb (0.3ms)
  Rendered layouts/_footer.html.erb (0.9ms)
Completed 200 OK in 298ms (Views: 253.4ms | ActiveRecord: 0.6ms)


Started GET "/clientes" for 127.0.0.1 at 2015-05-09 12:21:19 -0500
Processing by ClientesController#index as HTML
  [1m[35mCliente Load (1.1ms)[0m  SELECT  "clientes".* FROM "clientes" WHERE (upper(nombre) like '%%')  ORDER BY nombre LIMIT 5 OFFSET 0
  [1m[36m (0.5ms)[0m  [1mSELECT COUNT(*) FROM "clientes" WHERE (upper(nombre) like '%%')[0m
  Rendered clientes/index.html.erb within layouts/application (37.8ms)
  Rendered layouts/_navigation_links.html.erb (1.4ms)
  Rendered layouts/_messages.html.erb (1.7ms)
  Rendered layouts/_footer.html.erb (1.8ms)
Completed 200 OK in 320ms (Views: 315.9ms | ActiveRecord: 1.7ms)


Started GET "/clientes/1" for 127.0.0.1 at 2015-05-09 12:21:22 -0500
Processing by ClientesController#show as HTML
  Parameters: {"id"=>"1"}
  [1m[35mCliente Load (2.2ms)[0m  SELECT  "clientes".* FROM "clientes" WHERE "clientes"."id" = ? LIMIT 1  [["id", 1]]
  Rendered clientes/show.html.erb within layouts/application (5.5ms)
  Rendered layouts/_navigation_links.html.erb (0.1ms)
  Rendered layouts/_messages.html.erb (0.2ms)
  Rendered layouts/_footer.html.erb (0.8ms)
Completed 200 OK in 295ms (Views: 266.1ms | ActiveRecord: 2.2ms)


Started GET "/clientes" for 127.0.0.1 at 2015-05-09 12:21:26 -0500
Processing by ClientesController#index as HTML
  [1m[36mCliente Load (0.9ms)[0m  [1mSELECT  "clientes".* FROM "clientes" WHERE (upper(nombre) like '%%')  ORDER BY nombre LIMIT 5 OFFSET 0[0m
  [1m[35m (0.5ms)[0m  SELECT COUNT(*) FROM "clientes" WHERE (upper(nombre) like '%%')
  Rendered clientes/index.html.erb within layouts/application (17.6ms)
  Rendered layouts/_navigation_links.html.erb (0.1ms)
  Rendered layouts/_messages.html.erb (0.2ms)
  Rendered layouts/_footer.html.erb (0.7ms)
Completed 200 OK in 286ms (Views: 278.8ms | ActiveRecord: 1.4ms)


Started GET "/clientes/1/edit" for 127.0.0.1 at 2015-05-09 12:21:27 -0500
Processing by ClientesController#edit as HTML
  Parameters: {"id"=>"1"}
  [1m[36mCliente Load (0.4ms)[0m  [1mSELECT  "clientes".* FROM "clientes" WHERE "clientes"."id" = ? LIMIT 1[0m  [["id", 1]]
  Rendered clientes/_form.html.erb (47.6ms)
  Rendered clientes/edit.html.erb within layouts/application (62.1ms)
  Rendered layouts/_navigation_links.html.erb (0.1ms)
  Rendered layouts/_messages.html.erb (0.2ms)
  Rendered layouts/_footer.html.erb (0.8ms)
Completed 200 OK in 320ms (Views: 312.5ms | ActiveRecord: 0.4ms)


Started GET "/clientes" for 127.0.0.1 at 2015-05-09 12:21:34 -0500
Processing by ClientesController#index as HTML
  [1m[35mCliente Load (0.9ms)[0m  SELECT  "clientes".* FROM "clientes" WHERE (upper(nombre) like '%%')  ORDER BY nombre LIMIT 5 OFFSET 0
  [1m[36m (0.5ms)[0m  [1mSELECT COUNT(*) FROM "clientes" WHERE (upper(nombre) like '%%')[0m
  Rendered clientes/index.html.erb within layouts/application (12.2ms)
  Rendered layouts/_navigation_links.html.erb (0.1ms)
  Rendered layouts/_messages.html.erb (0.2ms)
  Rendered layouts/_footer.html.erb (0.9ms)
Completed 200 OK in 217ms (Views: 213.0ms | ActiveRecord: 1.4ms)


Started GET "/clientes/1" for 127.0.0.1 at 2015-05-09 12:21:39 -0500
Processing by ClientesController#show as HTML
  Parameters: {"id"=>"1"}
  [1m[35mCliente Load (0.3ms)[0m  SELECT  "clientes".* FROM "clientes" WHERE "clientes"."id" = ? LIMIT 1  [["id", 1]]
  Rendered clientes/show.html.erb within layouts/application (1.5ms)
  Rendered layouts/_navigation_links.html.erb (0.1ms)
  Rendered layouts/_messages.html.erb (0.3ms)
  Rendered layouts/_footer.html.erb (0.9ms)
Completed 200 OK in 203ms (Views: 198.9ms | ActiveRecord: 0.3ms)


Started GET "/clientes" for 127.0.0.1 at 2015-05-09 12:21:43 -0500
Processing by ClientesController#index as HTML
  [1m[36mCliente Load (1.5ms)[0m  [1mSELECT  "clientes".* FROM "clientes" WHERE (upper(nombre) like '%%')  ORDER BY nombre LIMIT 5 OFFSET 0[0m
  [1m[35m (0.5ms)[0m  SELECT COUNT(*) FROM "clientes" WHERE (upper(nombre) like '%%')
  Rendered clientes/index.html.erb within layouts/application (12.3ms)
  Rendered layouts/_navigation_links.html.erb (0.1ms)
  Rendered layouts/_messages.html.erb (0.2ms)
  Rendered layouts/_footer.html.erb (0.8ms)
Completed 200 OK in 226ms (Views: 222.3ms | ActiveRecord: 2.0ms)


Started GET "/clientes/new" for 127.0.0.1 at 2015-05-09 12:21:57 -0500
Processing by ClientesController#new as HTML
  Rendered clientes/_form.html.erb (19.8ms)
  Rendered clientes/new.html.erb within layouts/application (23.8ms)
  Rendered layouts/_navigation_links.html.erb (0.1ms)
  Rendered layouts/_messages.html.erb (0.2ms)
  Rendered layouts/_footer.html.erb (0.7ms)
Completed 200 OK in 241ms (Views: 238.9ms | ActiveRecord: 0.0ms)


Started POST "/clientes" for 127.0.0.1 at 2015-05-09 12:23:05 -0500
Processing by ClientesController#create as HTML
  Parameters: {"utf8"=>"✓", "authenticity_token"=>"i6cEjbH8TVVB9hQWfNZvjqbtifmePmcJP6HQ6Vkr4CuFz0SnjJe/o7TYpSA2jpQOWxUtuXA6pGgQP7gajJvKrw==", "cliente"=>{"nombre"=>"Daniel", "telefono"=>"34567", "celular"=>"45678", "barrio"=>"Belen", "direccion"=>"cll 21 #34-12", "referenciadir"=>"parque", "fecha(1i)"=>"2015", "fecha(2i)"=>"5", "fecha(3i)"=>"9", "hora"=>"12:00 pm", "ocacion"=>"Chiva", "valor"=>"19"}, "commit"=>"Guardar"}
  [1m[36m (4.4ms)[0m  [1mbegin transaction[0m
  [1m[35mSQL (2.0ms)[0m  INSERT INTO "clientes" ("nombre", "telefono", "celular", "barrio", "direccion", "referenciadir", "hora", "ocacion", "valor", "fecha", "created_at", "updated_at") VALUES (?, ?, ?, ?, ?, ?, ?, ?, ?, ?, ?, ?)  [["nombre", "Daniel"], ["telefono", "34567"], ["celular", "45678"], ["barrio", "Belen"], ["direccion", "cll 21 #34-12"], ["referenciadir", "parque"], ["hora", "12:00 pm"], ["ocacion", "Chiva"], ["valor", 19], ["fecha", "2015-05-09"], ["created_at", "2015-05-09 17:23:05.287997"], ["updated_at", "2015-05-09 17:23:05.287997"]]
  [1m[36m (274.0ms)[0m  [1mcommit transaction[0m
Redirected to http://localhost:3000/clientes/6
Completed 302 Found in 303ms (ActiveRecord: 280.3ms)


Started GET "/clientes/6" for 127.0.0.1 at 2015-05-09 12:23:05 -0500
Processing by ClientesController#show as HTML
  Parameters: {"id"=>"6"}
  [1m[35mCliente Load (0.4ms)[0m  SELECT  "clientes".* FROM "clientes" WHERE "clientes"."id" = ? LIMIT 1  [["id", 6]]
  Rendered clientes/show.html.erb within layouts/application (3.5ms)
  Rendered layouts/_navigation_links.html.erb (0.2ms)
  Rendered layouts/_messages.html.erb (0.3ms)
  Rendered layouts/_footer.html.erb (0.9ms)
Completed 200 OK in 205ms (Views: 201.6ms | ActiveRecord: 0.4ms)


Started GET "/clientes" for 127.0.0.1 at 2015-05-09 12:23:26 -0500
Processing by ClientesController#index as HTML
  [1m[36mCliente Load (1.1ms)[0m  [1mSELECT  "clientes".* FROM "clientes" WHERE (upper(nombre) like '%%')  ORDER BY nombre LIMIT 5 OFFSET 0[0m
  [1m[35m (0.9ms)[0m  SELECT COUNT(*) FROM "clientes" WHERE (upper(nombre) like '%%')
  [1m[36mCACHE (0.1ms)[0m  [1mSELECT COUNT(*) FROM "clientes" WHERE (upper(nombre) like '%%')[0m
  Rendered clientes/index.html.erb within layouts/application (16.7ms)
  Rendered layouts/_navigation_links.html.erb (0.1ms)
  Rendered layouts/_messages.html.erb (0.2ms)
  Rendered layouts/_footer.html.erb (0.9ms)
Completed 200 OK in 243ms (Views: 238.0ms | ActiveRecord: 2.0ms)


Started GET "/clientes/1" for 127.0.0.1 at 2015-05-09 12:23:41 -0500
Processing by ClientesController#show as HTML
  Parameters: {"id"=>"1"}
  [1m[35mCliente Load (0.3ms)[0m  SELECT  "clientes".* FROM "clientes" WHERE "clientes"."id" = ? LIMIT 1  [["id", 1]]
  Rendered clientes/show.html.erb within layouts/application (1.7ms)
  Rendered layouts/_navigation_links.html.erb (0.1ms)
  Rendered layouts/_messages.html.erb (0.2ms)
  Rendered layouts/_footer.html.erb (0.8ms)
Completed 200 OK in 205ms (Views: 201.9ms | ActiveRecord: 0.3ms)


Started GET "/clientes/1/edit" for 127.0.0.1 at 2015-05-09 12:23:50 -0500
Processing by ClientesController#edit as HTML
  Parameters: {"id"=>"1"}
  [1m[36mCliente Load (0.3ms)[0m  [1mSELECT  "clientes".* FROM "clientes" WHERE "clientes"."id" = ? LIMIT 1[0m  [["id", 1]]
  Rendered clientes/_form.html.erb (24.4ms)
  Rendered clientes/edit.html.erb within layouts/application (31.3ms)
  Rendered layouts/_navigation_links.html.erb (0.1ms)
  Rendered layouts/_messages.html.erb (0.2ms)
  Rendered layouts/_footer.html.erb (0.8ms)
Completed 200 OK in 233ms (Views: 229.8ms | ActiveRecord: 0.3ms)


Started PATCH "/clientes/1" for 127.0.0.1 at 2015-05-09 12:23:53 -0500
Processing by ClientesController#update as HTML
  Parameters: {"utf8"=>"✓", "authenticity_token"=>"tZYCDA81ENV/ALqlSIUo+r5iknypZI0keHsJKBZfR9S7/kImMl7iI4ouC5MC3dN6Q5o2PEdgTkVX5WHbw+9tUA==", "cliente"=>{"nombre"=>"Alfredo Sanchez", "telefono"=>"1234567", "celular"=>"123 123 12 12", "barrio"=>"Prado", "direccion"=>"cll 0 #00-00", "referenciadir"=>"centro", "fecha(1i)"=>"2015", "fecha(2i)"=>"5", "fecha(3i)"=>"5", "hora"=>"00:00 00", "ocacion"=>"Cumpleaños", "valor"=>"0"}, "commit"=>"Guardar", "id"=>"1"}
  [1m[35mCliente Load (0.4ms)[0m  SELECT  "clientes".* FROM "clientes" WHERE "clientes"."id" = ? LIMIT 1  [["id", 1]]
  [1m[36m (0.3ms)[0m  [1mbegin transaction[0m
  [1m[35m (0.2ms)[0m  commit transaction
Redirected to http://localhost:3000/clientes/1
Completed 302 Found in 18ms (ActiveRecord: 1.0ms)


Started GET "/clientes/1" for 127.0.0.1 at 2015-05-09 12:23:53 -0500
Processing by ClientesController#show as HTML
  Parameters: {"id"=>"1"}
  [1m[36mCliente Load (0.5ms)[0m  [1mSELECT  "clientes".* FROM "clientes" WHERE "clientes"."id" = ? LIMIT 1[0m  [["id", 1]]
  Rendered clientes/show.html.erb within layouts/application (1.6ms)
  Rendered layouts/_navigation_links.html.erb (0.1ms)
  Rendered layouts/_messages.html.erb (0.3ms)
  Rendered layouts/_footer.html.erb (0.8ms)
Completed 200 OK in 222ms (Views: 218.2ms | ActiveRecord: 0.5ms)


Started GET "/clientes/1/edit" for 127.0.0.1 at 2015-05-09 12:23:58 -0500
Processing by ClientesController#edit as HTML
  Parameters: {"id"=>"1"}
  [1m[35mCliente Load (0.4ms)[0m  SELECT  "clientes".* FROM "clientes" WHERE "clientes"."id" = ? LIMIT 1  [["id", 1]]
  Rendered clientes/_form.html.erb (19.6ms)
  Rendered clientes/edit.html.erb within layouts/application (23.6ms)
  Rendered layouts/_navigation_links.html.erb (0.1ms)
  Rendered layouts/_messages.html.erb (0.2ms)
  Rendered layouts/_footer.html.erb (0.9ms)
Completed 200 OK in 225ms (Views: 221.4ms | ActiveRecord: 0.4ms)


Started PATCH "/clientes/1" for 127.0.0.1 at 2015-05-09 12:24:50 -0500
Processing by ClientesController#update as HTML
  Parameters: {"utf8"=>"✓", "authenticity_token"=>"xNMIEWDgQEN9GtBgepBZn4sabY+jJjd9MjHam7rNgf/Ku0g7XYuytYg0YVYwyKIfduLJz00i9Bwdr7Job32rew==", "cliente"=>{"nombre"=>"Alfredo Sanchez", "telefono"=>"1234567", "celular"=>"123 123 12 12", "barrio"=>"Prado", "direccion"=>"cll 0 #00-00", "referenciadir"=>"centro", "fecha(1i)"=>"2015", "fecha(2i)"=>"5", "fecha(3i)"=>"5", "hora"=>"00:00 00", "ocacion"=>"Cumpleaños", "valor"=>"0"}, "commit"=>"Guardar", "id"=>"1"}
  [1m[36mCliente Load (0.4ms)[0m  [1mSELECT  "clientes".* FROM "clientes" WHERE "clientes"."id" = ? LIMIT 1[0m  [["id", 1]]
  [1m[35m (0.3ms)[0m  begin transaction
  [1m[36m (0.9ms)[0m  [1mcommit transaction[0m
Redirected to http://localhost:3000/clientes/1
Completed 302 Found in 17ms (ActiveRecord: 1.5ms)


Started GET "/clientes/1" for 127.0.0.1 at 2015-05-09 12:24:50 -0500
Processing by ClientesController#show as HTML
  Parameters: {"id"=>"1"}
  [1m[35mCliente Load (0.6ms)[0m  SELECT  "clientes".* FROM "clientes" WHERE "clientes"."id" = ? LIMIT 1  [["id", 1]]
  Rendered clientes/show.html.erb within layouts/application (1.4ms)
  Rendered layouts/_navigation_links.html.erb (0.1ms)
  Rendered layouts/_messages.html.erb (0.5ms)
  Rendered layouts/_footer.html.erb (0.8ms)
Completed 200 OK in 213ms (Views: 205.6ms | ActiveRecord: 0.6ms)


Started GET "/clientes" for 127.0.0.1 at 2015-05-09 12:24:55 -0500
Processing by ClientesController#index as HTML
  [1m[36mCliente Load (1.1ms)[0m  [1mSELECT  "clientes".* FROM "clientes" WHERE (upper(nombre) like '%%')  ORDER BY nombre LIMIT 5 OFFSET 0[0m
  [1m[35m (0.7ms)[0m  SELECT COUNT(*) FROM "clientes" WHERE (upper(nombre) like '%%')
  [1m[36mCACHE (0.1ms)[0m  [1mSELECT COUNT(*) FROM "clientes" WHERE (upper(nombre) like '%%')[0m
  Rendered clientes/index.html.erb within layouts/application (16.2ms)
  Rendered layouts/_navigation_links.html.erb (0.1ms)
  Rendered layouts/_messages.html.erb (0.2ms)
  Rendered layouts/_footer.html.erb (0.8ms)
Completed 200 OK in 237ms (Views: 233.1ms | ActiveRecord: 1.8ms)


Started GET "/clientes" for 127.0.0.1 at 2015-05-09 12:28:26 -0500
  [1m[36mActiveRecord::SchemaMigration Load (0.6ms)[0m  [1mSELECT "schema_migrations".* FROM "schema_migrations"[0m
Processing by ClientesController#index as HTML
  [1m[35mCliente Load (1.2ms)[0m  SELECT  "clientes".* FROM "clientes" WHERE (upper(nombre) like '%%')  ORDER BY nombre LIMIT 5 OFFSET 0
  [1m[36m (0.6ms)[0m  [1mSELECT COUNT(*) FROM "clientes" WHERE (upper(nombre) like '%%')[0m
  [1m[35mCACHE (0.1ms)[0m  SELECT COUNT(*) FROM "clientes" WHERE (upper(nombre) like '%%')
  Rendered clientes/index.html.erb within layouts/application (69.1ms)
  Rendered layouts/_navigation_links.html.erb (1.2ms)
  Rendered layouts/_messages.html.erb (1.8ms)
  Rendered layouts/_footer.html.erb (2.8ms)
Completed 200 OK in 2130ms (Views: 2081.4ms | ActiveRecord: 3.5ms)


Started GET "/clientes" for 127.0.0.1 at 2015-05-09 12:53:13 -0500
  [1m[36mActiveRecord::SchemaMigration Load (0.5ms)[0m  [1mSELECT "schema_migrations".* FROM "schema_migrations"[0m
Processing by ClientesController#index as HTML
  [1m[35mCliente Load (1.0ms)[0m  SELECT  "clientes".* FROM "clientes" WHERE (upper(nombre) like '%%')  ORDER BY nombre LIMIT 5 OFFSET 0
  [1m[36m (0.7ms)[0m  [1mSELECT COUNT(*) FROM "clientes" WHERE (upper(nombre) like '%%')[0m
  [1m[35mCACHE (0.1ms)[0m  SELECT COUNT(*) FROM "clientes" WHERE (upper(nombre) like '%%')
  Rendered clientes/index.html.erb within layouts/application (67.5ms)
  Rendered layouts/_navigation_links.html.erb (1.2ms)
  Rendered layouts/_messages.html.erb (1.8ms)
  Rendered layouts/_footer.html.erb (2.9ms)
Completed 200 OK in 2001ms (Views: 1953.7ms | ActiveRecord: 3.4ms)


Started GET "/clientes" for 127.0.0.1 at 2015-05-09 12:54:50 -0500
  [1m[36mActiveRecord::SchemaMigration Load (0.5ms)[0m  [1mSELECT "schema_migrations".* FROM "schema_migrations"[0m
Processing by ClientesController#index as HTML
  [1m[35mCliente Load (1.1ms)[0m  SELECT  "clientes".* FROM "clientes" WHERE (upper(nombre) like '%%')  ORDER BY nombre LIMIT 5 OFFSET 0
  [1m[36m (0.6ms)[0m  [1mSELECT COUNT(*) FROM "clientes" WHERE (upper(nombre) like '%%')[0m
  [1m[35mCACHE (0.1ms)[0m  SELECT COUNT(*) FROM "clientes" WHERE (upper(nombre) like '%%')
  Rendered clientes/index.html.erb within layouts/application (68.5ms)
  Rendered layouts/_navigation_links.html.erb (1.2ms)
  Rendered layouts/_messages.html.erb (1.8ms)
  Rendered layouts/_footer.html.erb (2.9ms)
Completed 200 OK in 2005ms (Views: 1957.5ms | ActiveRecord: 3.4ms)


Started GET "/clientes/new" for 127.0.0.1 at 2015-05-09 12:58:48 -0500
Processing by ClientesController#new as HTML
  Rendered clientes/_form.html.erb (77.6ms)
  Rendered clientes/new.html.erb within layouts/application (81.8ms)
  Rendered layouts/_navigation_links.html.erb (1.2ms)
  Rendered layouts/_messages.html.erb (2.0ms)
  Rendered layouts/_footer.html.erb (2.0ms)
Completed 200 OK in 306ms (Views: 303.6ms | ActiveRecord: 0.0ms)


Started POST "/clientes" for 127.0.0.1 at 2015-05-09 13:05:19 -0500
Processing by ClientesController#create as HTML
  Parameters: {"utf8"=>"✓", "authenticity_token"=>"lIkwh6PC+p/tg7nt5puG5UwQzt2vivmH9L06GehN//Ca4XCtnqkIaRitCNusw31lsehqnUGOOubbI1LqPf3VdA==", "cliente"=>{"nombre"=>"richard", "telefono"=>"4567", "celular"=>"45678", "barrio"=>"prado", "direccion"=>"cra 0 #00-00", "referenciadir"=>"iglesia", "fecha(1i)"=>"2015", "fecha(2i)"=>"5", "fecha(3i)"=>"9", "hora"=>"11:00 pm", "ocacion"=>"desfile", "valor"=>"200"}, "commit"=>"Guardar"}
  [1m[36m (0.4ms)[0m  [1mbegin transaction[0m
  [1m[35mSQL (1.7ms)[0m  INSERT INTO "clientes" ("nombre", "telefono", "celular", "barrio", "direccion", "referenciadir", "hora", "ocacion", "valor", "fecha", "created_at", "updated_at") VALUES (?, ?, ?, ?, ?, ?, ?, ?, ?, ?, ?, ?)  [["nombre", "richard"], ["telefono", "4567"], ["celular", "45678"], ["barrio", "prado"], ["direccion", "cra 0 #00-00"], ["referenciadir", "iglesia"], ["hora", "11:00 pm"], ["ocacion", "desfile"], ["valor", 200], ["fecha", "2015-05-09"], ["created_at", "2015-05-09 18:05:19.327792"], ["updated_at", "2015-05-09 18:05:19.327792"]]
  [1m[36m (229.8ms)[0m  [1mcommit transaction[0m
Redirected to http://localhost:3000/clientes/7
Completed 302 Found in 261ms (ActiveRecord: 232.0ms)


Started GET "/clientes/7" for 127.0.0.1 at 2015-05-09 13:05:19 -0500
Processing by ClientesController#show as HTML
  Parameters: {"id"=>"7"}
  [1m[35mCliente Load (1.1ms)[0m  SELECT  "clientes".* FROM "clientes" WHERE "clientes"."id" = ? LIMIT 1  [["id", 7]]
  Rendered clientes/show.html.erb within layouts/application (4.9ms)
  Rendered layouts/_navigation_links.html.erb (0.2ms)
  Rendered layouts/_messages.html.erb (0.4ms)
  Rendered layouts/_footer.html.erb (1.0ms)
Completed 200 OK in 318ms (Views: 234.9ms | ActiveRecord: 1.1ms)


Started GET "/clientes" for 127.0.0.1 at 2015-05-09 13:05:43 -0500
Processing by ClientesController#index as HTML
  [1m[36mCliente Load (1.6ms)[0m  [1mSELECT  "clientes".* FROM "clientes" WHERE (upper(nombre) like '%%')  ORDER BY nombre LIMIT 5 OFFSET 0[0m
  [1m[35m (0.5ms)[0m  SELECT COUNT(*) FROM "clientes" WHERE (upper(nombre) like '%%')
  [1m[36mCACHE (0.1ms)[0m  [1mSELECT COUNT(*) FROM "clientes" WHERE (upper(nombre) like '%%')[0m
  Rendered clientes/index.html.erb within layouts/application (25.0ms)
  Rendered layouts/_navigation_links.html.erb (0.2ms)
  Rendered layouts/_messages.html.erb (0.2ms)
  Rendered layouts/_footer.html.erb (0.8ms)
Completed 200 OK in 303ms (Views: 298.6ms | ActiveRecord: 2.2ms)


Started GET "/clientes?page=2" for 127.0.0.1 at 2015-05-09 13:05:48 -0500
Processing by ClientesController#index as HTML
  Parameters: {"page"=>"2"}
  [1m[35mCliente Load (1.2ms)[0m  SELECT  "clientes".* FROM "clientes" WHERE (upper(nombre) like '%%')  ORDER BY nombre LIMIT 5 OFFSET 5
  [1m[36m (1.0ms)[0m  [1mSELECT COUNT(*) FROM "clientes" WHERE (upper(nombre) like '%%')[0m
  Rendered clientes/index.html.erb within layouts/application (14.4ms)
  Rendered layouts/_navigation_links.html.erb (0.1ms)
  Rendered layouts/_messages.html.erb (0.2ms)
  Rendered layouts/_footer.html.erb (3.1ms)
Completed 200 OK in 298ms (Views: 291.2ms | ActiveRecord: 2.2ms)


Started GET "/clientes?page=1" for 127.0.0.1 at 2015-05-09 13:05:54 -0500
Processing by ClientesController#index as HTML
  Parameters: {"page"=>"1"}
  [1m[35mCliente Load (1.0ms)[0m  SELECT  "clientes".* FROM "clientes" WHERE (upper(nombre) like '%%')  ORDER BY nombre LIMIT 5 OFFSET 0
  [1m[36m (1.0ms)[0m  [1mSELECT COUNT(*) FROM "clientes" WHERE (upper(nombre) like '%%')[0m
  [1m[35mCACHE (0.1ms)[0m  SELECT COUNT(*) FROM "clientes" WHERE (upper(nombre) like '%%')
  Rendered clientes/index.html.erb within layouts/application (27.1ms)
  Rendered layouts/_navigation_links.html.erb (0.2ms)
  Rendered layouts/_messages.html.erb (0.2ms)
  Rendered layouts/_footer.html.erb (0.8ms)
Completed 200 OK in 284ms (Views: 279.0ms | ActiveRecord: 2.1ms)


Started GET "/clientes?page=2" for 127.0.0.1 at 2015-05-09 13:08:50 -0500
Processing by ClientesController#index as HTML
  Parameters: {"page"=>"2"}
  [1m[36mCliente Load (0.9ms)[0m  [1mSELECT  "clientes".* FROM "clientes" WHERE (upper(nombre) like '%%')  ORDER BY nombre LIMIT 5 OFFSET 5[0m
  [1m[35m (0.6ms)[0m  SELECT COUNT(*) FROM "clientes" WHERE (upper(nombre) like '%%')
  Rendered clientes/index.html.erb within layouts/application (11.7ms)
  Rendered layouts/_navigation_links.html.erb (0.1ms)
  Rendered layouts/_messages.html.erb (0.2ms)
  Rendered layouts/_footer.html.erb (0.8ms)
Completed 200 OK in 240ms (Views: 234.3ms | ActiveRecord: 1.4ms)


Started GET "/clientes?page=1" for 127.0.0.1 at 2015-05-09 13:08:56 -0500
Processing by ClientesController#index as HTML
  Parameters: {"page"=>"1"}
  [1m[36mCliente Load (1.0ms)[0m  [1mSELECT  "clientes".* FROM "clientes" WHERE (upper(nombre) like '%%')  ORDER BY nombre LIMIT 5 OFFSET 0[0m
  [1m[35m (0.8ms)[0m  SELECT COUNT(*) FROM "clientes" WHERE (upper(nombre) like '%%')
  [1m[36mCACHE (0.1ms)[0m  [1mSELECT COUNT(*) FROM "clientes" WHERE (upper(nombre) like '%%')[0m
  Rendered clientes/index.html.erb within layouts/application (21.7ms)
  Rendered layouts/_navigation_links.html.erb (0.2ms)
  Rendered layouts/_messages.html.erb (0.2ms)
  Rendered layouts/_footer.html.erb (0.9ms)
Completed 200 OK in 248ms (Views: 243.4ms | ActiveRecord: 1.9ms)


Started GET "/clientes?page=1" for 127.0.0.1 at 2015-05-09 13:12:08 -0500
  [1m[36mActiveRecord::SchemaMigration Load (0.5ms)[0m  [1mSELECT "schema_migrations".* FROM "schema_migrations"[0m
Processing by ClientesController#index as HTML
  Parameters: {"page"=>"1"}
  [1m[35mCliente Load (1.1ms)[0m  SELECT  "clientes".* FROM "clientes" WHERE (upper(nombre) like '%%')  ORDER BY nombre LIMIT 5 OFFSET 0
  [1m[36m (0.7ms)[0m  [1mSELECT COUNT(*) FROM "clientes" WHERE (upper(nombre) like '%%')[0m
  [1m[35mCACHE (0.1ms)[0m  SELECT COUNT(*) FROM "clientes" WHERE (upper(nombre) like '%%')
  Rendered clientes/index.html.erb within layouts/application (70.9ms)
  Rendered layouts/_navigation_links.html.erb (1.2ms)
  Rendered layouts/_messages.html.erb (1.9ms)
  Rendered layouts/_footer.html.erb (2.1ms)
Completed 200 OK in 911ms (Views: 863.3ms | ActiveRecord: 3.5ms)


Started GET "/clientes?page=1" for 127.0.0.1 at 2015-05-09 13:34:57 -0500
  [1m[36mActiveRecord::SchemaMigration Load (0.5ms)[0m  [1mSELECT "schema_migrations".* FROM "schema_migrations"[0m
Processing by ClientesController#index as HTML
  Parameters: {"page"=>"1"}
  [1m[35mCliente Load (1.0ms)[0m  SELECT  "clientes".* FROM "clientes" WHERE (upper(nombre) like '%%')  ORDER BY nombre LIMIT 5 OFFSET 0
  [1m[36m (0.7ms)[0m  [1mSELECT COUNT(*) FROM "clientes" WHERE (upper(nombre) like '%%')[0m
  [1m[35mCACHE (0.1ms)[0m  SELECT COUNT(*) FROM "clientes" WHERE (upper(nombre) like '%%')
  Rendered clientes/index.html.erb within layouts/application (70.7ms)
  Rendered layouts/_navigation_links.html.erb (1.1ms)
  Rendered layouts/_messages.html.erb (1.8ms)
  Rendered layouts/_footer.html.erb (2.1ms)
Completed 200 OK in 2049ms (Views: 2002.1ms | ActiveRecord: 3.3ms)


Started GET "/clientes?page=1" for 127.0.0.1 at 2015-05-09 13:40:05 -0500
Processing by ClientesController#index as HTML
  Parameters: {"page"=>"1"}
  [1m[36mCliente Load (1.1ms)[0m  [1mSELECT  "clientes".* FROM "clientes" WHERE (upper(nombre) like '%%')  ORDER BY nombre LIMIT 5 OFFSET 0[0m
  [1m[35m (2.2ms)[0m  SELECT COUNT(*) FROM "clientes" WHERE (upper(nombre) like '%%')
  [1m[36mCACHE (0.1ms)[0m  [1mSELECT COUNT(*) FROM "clientes" WHERE (upper(nombre) like '%%')[0m
  Rendered clientes/index.html.erb within layouts/application (27.8ms)
  Rendered layouts/_navigation_links.html.erb (0.1ms)
  Rendered layouts/_messages.html.erb (0.2ms)
  Rendered layouts/_footer.html.erb (0.7ms)
Completed 200 OK in 232ms (Views: 226.1ms | ActiveRecord: 3.3ms)


Started GET "/clientes?page=1" for 127.0.0.1 at 2015-05-09 13:40:09 -0500
Processing by ClientesController#index as HTML
  Parameters: {"page"=>"1"}
  [1m[35mCliente Load (2.6ms)[0m  SELECT  "clientes".* FROM "clientes" WHERE (upper(nombre) like '%%')  ORDER BY nombre LIMIT 5 OFFSET 0
  [1m[36m (1.8ms)[0m  [1mSELECT COUNT(*) FROM "clientes" WHERE (upper(nombre) like '%%')[0m
  [1m[35mCACHE (0.1ms)[0m  SELECT COUNT(*) FROM "clientes" WHERE (upper(nombre) like '%%')
  Rendered clientes/index.html.erb within layouts/application (24.3ms)
  Rendered layouts/_navigation_links.html.erb (0.1ms)
  Rendered layouts/_messages.html.erb (0.2ms)
  Rendered layouts/_footer.html.erb (0.7ms)
Completed 200 OK in 324ms (Views: 315.3ms | ActiveRecord: 4.5ms)


Started GET "/clientes" for 127.0.0.1 at 2015-05-09 13:41:47 -0500
Processing by ClientesController#index as HTML
  [1m[36mCliente Load (1.4ms)[0m  [1mSELECT  "clientes".* FROM "clientes" WHERE (upper(nombre) like '%%')  ORDER BY nombre LIMIT 5 OFFSET 0[0m
  [1m[35m (0.6ms)[0m  SELECT COUNT(*) FROM "clientes" WHERE (upper(nombre) like '%%')
  [1m[36mCACHE (0.1ms)[0m  [1mSELECT COUNT(*) FROM "clientes" WHERE (upper(nombre) like '%%')[0m
  Rendered clientes/index.html.erb within layouts/application (24.4ms)
  Rendered layouts/_navigation_links.html.erb (1.2ms)
  Rendered layouts/_messages.html.erb (1.9ms)
  Rendered layouts/_footer.html.erb (2.1ms)
Completed 200 OK in 252ms (Views: 247.5ms | ActiveRecord: 2.1ms)


Started GET "/clientes" for 127.0.0.1 at 2015-05-09 13:45:17 -0500
  [1m[36mActiveRecord::SchemaMigration Load (0.6ms)[0m  [1mSELECT "schema_migrations".* FROM "schema_migrations"[0m
Processing by ClientesController#index as HTML
  [1m[35mCliente Load (1.1ms)[0m  SELECT  "clientes".* FROM "clientes" WHERE (upper(nombre) like '%%')  ORDER BY nombre LIMIT 5 OFFSET 0
  [1m[36m (0.6ms)[0m  [1mSELECT COUNT(*) FROM "clientes" WHERE (upper(nombre) like '%%')[0m
  [1m[35mCACHE (0.1ms)[0m  SELECT COUNT(*) FROM "clientes" WHERE (upper(nombre) like '%%')
  Rendered clientes/index.html.erb within layouts/application (71.7ms)
  Rendered layouts/_navigation_links.html.erb (1.2ms)
  Rendered layouts/_messages.html.erb (1.8ms)
  Rendered layouts/_footer.html.erb (2.5ms)
Completed 200 OK in 2020ms (Views: 1971.0ms | ActiveRecord: 3.6ms)


Started GET "/clientes/new" for 127.0.0.1 at 2015-05-09 13:45:26 -0500
Processing by ClientesController#new as HTML
  Rendered clientes/_form.html.erb (76.0ms)
  Rendered clientes/new.html.erb within layouts/application (80.1ms)
  Rendered layouts/_navigation_links.html.erb (1.1ms)
  Rendered layouts/_messages.html.erb (2.0ms)
  Rendered layouts/_footer.html.erb (2.0ms)
Completed 200 OK in 289ms (Views: 286.5ms | ActiveRecord: 0.0ms)


Started GET "/clientes" for 127.0.0.1 at 2015-05-09 13:45:36 -0500
Processing by ClientesController#index as HTML
  [1m[36mCliente Load (1.1ms)[0m  [1mSELECT  "clientes".* FROM "clientes" WHERE (upper(nombre) like '%%')  ORDER BY nombre LIMIT 5 OFFSET 0[0m
  [1m[35m (0.6ms)[0m  SELECT COUNT(*) FROM "clientes" WHERE (upper(nombre) like '%%')
  [1m[36mCACHE (0.1ms)[0m  [1mSELECT COUNT(*) FROM "clientes" WHERE (upper(nombre) like '%%')[0m
  Rendered clientes/index.html.erb within layouts/application (25.5ms)
  Rendered layouts/_navigation_links.html.erb (0.1ms)
  Rendered layouts/_messages.html.erb (0.2ms)
  Rendered layouts/_footer.html.erb (0.9ms)
Completed 200 OK in 327ms (Views: 322.4ms | ActiveRecord: 1.8ms)


Started GET "/clientes/1/edit" for 127.0.0.1 at 2015-05-09 13:45:38 -0500
Processing by ClientesController#edit as HTML
  Parameters: {"id"=>"1"}
  [1m[35mCliente Load (0.8ms)[0m  SELECT  "clientes".* FROM "clientes" WHERE "clientes"."id" = ? LIMIT 1  [["id", 1]]
  Rendered clientes/_form.html.erb (24.2ms)
  Rendered clientes/edit.html.erb within layouts/application (29.3ms)
  Rendered layouts/_navigation_links.html.erb (0.2ms)
  Rendered layouts/_messages.html.erb (0.4ms)
  Rendered layouts/_footer.html.erb (1.4ms)
Completed 200 OK in 335ms (Views: 315.6ms | ActiveRecord: 0.8ms)


Started GET "/clientes" for 127.0.0.1 at 2015-05-09 13:45:46 -0500
Processing by ClientesController#index as HTML
  [1m[36mCliente Load (1.2ms)[0m  [1mSELECT  "clientes".* FROM "clientes" WHERE (upper(nombre) like '%%')  ORDER BY nombre LIMIT 5 OFFSET 0[0m
  [1m[35m (0.7ms)[0m  SELECT COUNT(*) FROM "clientes" WHERE (upper(nombre) like '%%')
  [1m[36mCACHE (0.1ms)[0m  [1mSELECT COUNT(*) FROM "clientes" WHERE (upper(nombre) like '%%')[0m
  Rendered clientes/index.html.erb within layouts/application (26.8ms)
  Rendered layouts/_navigation_links.html.erb (0.2ms)
  Rendered layouts/_messages.html.erb (0.2ms)
  Rendered layouts/_footer.html.erb (0.9ms)
Completed 200 OK in 307ms (Views: 301.8ms | ActiveRecord: 2.0ms)


Started GET "/clientes/1" for 127.0.0.1 at 2015-05-09 13:45:49 -0500
Processing by ClientesController#show as HTML
  Parameters: {"id"=>"1"}
  [1m[35mCliente Load (2.0ms)[0m  SELECT  "clientes".* FROM "clientes" WHERE "clientes"."id" = ? LIMIT 1  [["id", 1]]
  Rendered clientes/show.html.erb within layouts/application (11.7ms)
  Rendered layouts/_navigation_links.html.erb (0.2ms)
  Rendered layouts/_messages.html.erb (0.2ms)
  Rendered layouts/_footer.html.erb (1.0ms)
Completed 200 OK in 299ms (Views: 293.9ms | ActiveRecord: 2.0ms)


Started GET "/clientes" for 127.0.0.1 at 2015-05-09 13:45:57 -0500
Processing by ClientesController#index as HTML
  [1m[36mCliente Load (1.0ms)[0m  [1mSELECT  "clientes".* FROM "clientes" WHERE (upper(nombre) like '%%')  ORDER BY nombre LIMIT 5 OFFSET 0[0m
  [1m[35m (0.8ms)[0m  SELECT COUNT(*) FROM "clientes" WHERE (upper(nombre) like '%%')
  [1m[36mCACHE (0.1ms)[0m  [1mSELECT COUNT(*) FROM "clientes" WHERE (upper(nombre) like '%%')[0m
  Rendered clientes/index.html.erb within layouts/application (19.4ms)
  Rendered layouts/_navigation_links.html.erb (0.2ms)
  Rendered layouts/_messages.html.erb (0.2ms)
  Rendered layouts/_footer.html.erb (0.7ms)
Completed 200 OK in 232ms (Views: 227.7ms | ActiveRecord: 1.9ms)


Started GET "/clientes" for 127.0.0.1 at 2015-05-09 13:48:19 -0500
  [1m[36mActiveRecord::SchemaMigration Load (0.5ms)[0m  [1mSELECT "schema_migrations".* FROM "schema_migrations"[0m
Processing by ClientesController#index as HTML
  [1m[35mCliente Load (1.0ms)[0m  SELECT  "clientes".* FROM "clientes" WHERE (upper(nombre) like '%%')  ORDER BY nombre LIMIT 5 OFFSET 0
  [1m[36m (0.6ms)[0m  [1mSELECT COUNT(*) FROM "clientes" WHERE (upper(nombre) like '%%')[0m
  [1m[35mCACHE (0.1ms)[0m  SELECT COUNT(*) FROM "clientes" WHERE (upper(nombre) like '%%')
  Rendered clientes/index.html.erb within layouts/application (71.6ms)
  Rendered layouts/_navigation_links.html.erb (1.1ms)
  Rendered layouts/_messages.html.erb (2.0ms)
  Rendered layouts/_footer.html.erb (2.0ms)
Completed 200 OK in 2020ms (Views: 1971.6ms | ActiveRecord: 3.3ms)


Started GET "/clientes" for 127.0.0.1 at 2015-05-09 13:48:29 -0500
Processing by ClientesController#index as HTML
  [1m[36mCliente Load (1.0ms)[0m  [1mSELECT  "clientes".* FROM "clientes" WHERE (upper(nombre) like '%%')  ORDER BY nombre LIMIT 5 OFFSET 0[0m
  [1m[35m (0.7ms)[0m  SELECT COUNT(*) FROM "clientes" WHERE (upper(nombre) like '%%')
  [1m[36mCACHE (0.1ms)[0m  [1mSELECT COUNT(*) FROM "clientes" WHERE (upper(nombre) like '%%')[0m
  Rendered clientes/index.html.erb within layouts/application (26.7ms)
  Rendered layouts/_navigation_links.html.erb (0.2ms)
  Rendered layouts/_messages.html.erb (0.2ms)
  Rendered layouts/_footer.html.erb (0.8ms)
Completed 200 OK in 266ms (Views: 259.7ms | ActiveRecord: 1.8ms)


Started GET "/clientes" for 127.0.0.1 at 2015-05-09 13:51:28 -0500
  [1m[36mActiveRecord::SchemaMigration Load (0.5ms)[0m  [1mSELECT "schema_migrations".* FROM "schema_migrations"[0m
Processing by ClientesController#index as HTML
  [1m[35mCliente Load (1.1ms)[0m  SELECT  "clientes".* FROM "clientes" WHERE (upper(nombre) like '%%')  ORDER BY nombre LIMIT 5 OFFSET 0
  [1m[36m (0.8ms)[0m  [1mSELECT COUNT(*) FROM "clientes" WHERE (upper(nombre) like '%%')[0m
  [1m[35mCACHE (0.1ms)[0m  SELECT COUNT(*) FROM "clientes" WHERE (upper(nombre) like '%%')
  Rendered clientes/index.html.erb within layouts/application (71.0ms)
  Rendered layouts/_navigation_links.html.erb (1.1ms)
  Rendered layouts/_messages.html.erb (1.8ms)
  Rendered layouts/_footer.html.erb (2.0ms)
Completed 200 OK in 2017ms (Views: 1967.9ms | ActiveRecord: 3.4ms)


Started GET "/clientes" for 127.0.0.1 at 2015-05-09 13:53:02 -0500
Processing by ClientesController#index as HTML
  [1m[36mCliente Load (5.2ms)[0m  [1mSELECT  "clientes".* FROM "clientes" WHERE (upper(nombre) like '%%')  ORDER BY nombre LIMIT 5 OFFSET 0[0m
  [1m[35m (0.8ms)[0m  SELECT COUNT(*) FROM "clientes" WHERE (upper(nombre) like '%%')
  [1m[36mCACHE (0.1ms)[0m  [1mSELECT COUNT(*) FROM "clientes" WHERE (upper(nombre) like '%%')[0m
  Rendered clientes/index.html.erb within layouts/application (40.1ms)
  Rendered layouts/_navigation_links.html.erb (0.2ms)
  Rendered layouts/_messages.html.erb (0.2ms)
  Rendered layouts/_footer.html.erb (1.0ms)
Completed 200 OK in 274ms (Views: 261.3ms | ActiveRecord: 6.1ms)


Started GET "/clientes" for 127.0.0.1 at 2015-05-09 13:56:26 -0500
  [1m[36mActiveRecord::SchemaMigration Load (0.5ms)[0m  [1mSELECT "schema_migrations".* FROM "schema_migrations"[0m
Processing by ClientesController#index as HTML
  [1m[35mCliente Load (1.1ms)[0m  SELECT  "clientes".* FROM "clientes" WHERE (upper(nombre) like '%%')  ORDER BY nombre LIMIT 5 OFFSET 0
  [1m[36m (0.8ms)[0m  [1mSELECT COUNT(*) FROM "clientes" WHERE (upper(nombre) like '%%')[0m
  [1m[35mCACHE (0.1ms)[0m  SELECT COUNT(*) FROM "clientes" WHERE (upper(nombre) like '%%')
  Rendered clientes/index.html.erb within layouts/application (70.9ms)
  Rendered layouts/_navigation_links.html.erb (1.1ms)
  Rendered layouts/_messages.html.erb (1.9ms)
  Rendered layouts/_footer.html.erb (2.2ms)
Completed 200 OK in 2013ms (Views: 1964.3ms | ActiveRecord: 3.6ms)


Started GET "/clientes" for 127.0.0.1 at 2015-05-09 14:06:20 -0500
  [1m[36mActiveRecord::SchemaMigration Load (0.5ms)[0m  [1mSELECT "schema_migrations".* FROM "schema_migrations"[0m
Processing by ClientesController#index as HTML
  [1m[35mCliente Load (1.1ms)[0m  SELECT  "clientes".* FROM "clientes" WHERE (upper(nombre) like '%%')  ORDER BY nombre LIMIT 10 OFFSET 0
  [1m[36m (0.8ms)[0m  [1mSELECT COUNT(*) FROM "clientes" WHERE (upper(nombre) like '%%')[0m
  Rendered clientes/index.html.erb within layouts/application (68.4ms)
  Rendered layouts/_navigation_links.html.erb (1.2ms)
  Rendered layouts/_messages.html.erb (2.2ms)
  Rendered layouts/_footer.html.erb (2.9ms)
Completed 200 OK in 907ms (Views: 858.5ms | ActiveRecord: 3.7ms)


Started GET "/clientes/new" for 127.0.0.1 at 2015-05-09 14:06:28 -0500
Processing by ClientesController#new as HTML
  Rendered clientes/_form.html.erb (81.9ms)
  Rendered clientes/new.html.erb within layouts/application (86.4ms)
  Rendered layouts/_navigation_links.html.erb (1.1ms)
  Rendered layouts/_messages.html.erb (1.8ms)
  Rendered layouts/_footer.html.erb (2.0ms)
Completed 200 OK in 299ms (Views: 296.4ms | ActiveRecord: 0.0ms)


Started GET "/clientes" for 127.0.0.1 at 2015-05-09 14:06:41 -0500
Processing by ClientesController#index as HTML
  [1m[35mCliente Load (1.4ms)[0m  SELECT  "clientes".* FROM "clientes" WHERE (upper(nombre) like '%%')  ORDER BY nombre LIMIT 10 OFFSET 0
  [1m[36m (0.6ms)[0m  [1mSELECT COUNT(*) FROM "clientes" WHERE (upper(nombre) like '%%')[0m
  Rendered clientes/index.html.erb within layouts/application (20.4ms)
  Rendered layouts/_navigation_links.html.erb (0.2ms)
  Rendered layouts/_messages.html.erb (0.3ms)
  Rendered layouts/_footer.html.erb (0.9ms)
Completed 200 OK in 291ms (Views: 286.2ms | ActiveRecord: 2.0ms)


Started GET "/clientes/new" for 127.0.0.1 at 2015-05-09 14:06:59 -0500
Processing by ClientesController#new as HTML
  Rendered clientes/_form.html.erb (24.4ms)
  Rendered clientes/new.html.erb within layouts/application (27.3ms)
  Rendered layouts/_navigation_links.html.erb (0.2ms)
  Rendered layouts/_messages.html.erb (0.3ms)
  Rendered layouts/_footer.html.erb (1.1ms)
Completed 200 OK in 254ms (Views: 252.0ms | ActiveRecord: 0.0ms)


Started POST "/clientes" for 127.0.0.1 at 2015-05-09 14:07:11 -0500
Processing by ClientesController#create as HTML
  Parameters: {"utf8"=>"✓", "authenticity_token"=>"wfF/DjjwsTvKzfv/BYmcOgDBeZXD50z/tWFuvExedV/PmT8kBZtDzT/jSslP0We6/Tnd1S3jj56a/wZPme5f2w==", "cliente"=>{"nombre"=>"rdcftvg", "telefono"=>"rftvg", "celular"=>"ftvgyb", "barrio"=>"tfvgybh", "direccion"=>"ftvgybh", "referenciadir"=>"ftvgybh", "fecha(1i)"=>"2015", "fecha(2i)"=>"5", "fecha(3i)"=>"9", "hora"=>"ftvgybh", "ocacion"=>"tvgbyh", "valor"=>"4567"}, "commit"=>"Guardar"}
  [1m[35m (0.3ms)[0m  begin transaction
  [1m[36mSQL (1.6ms)[0m  [1mINSERT INTO "clientes" ("nombre", "telefono", "celular", "barrio", "direccion", "referenciadir", "hora", "ocacion", "valor", "fecha", "created_at", "updated_at") VALUES (?, ?, ?, ?, ?, ?, ?, ?, ?, ?, ?, ?)[0m  [["nombre", "rdcftvg"], ["telefono", "rftvg"], ["celular", "ftvgyb"], ["barrio", "tfvgybh"], ["direccion", "ftvgybh"], ["referenciadir", "ftvgybh"], ["hora", "ftvgybh"], ["ocacion", "tvgbyh"], ["valor", 4567], ["fecha", "2015-05-09"], ["created_at", "2015-05-09 19:07:11.305884"], ["updated_at", "2015-05-09 19:07:11.305884"]]
  [1m[35m (242.6ms)[0m  commit transaction
Redirected to http://localhost:3000/clientes/8
Completed 302 Found in 269ms (ActiveRecord: 244.6ms)


Started GET "/clientes/8" for 127.0.0.1 at 2015-05-09 14:07:11 -0500
Processing by ClientesController#show as HTML
  Parameters: {"id"=>"8"}
  [1m[36mCliente Load (1.2ms)[0m  [1mSELECT  "clientes".* FROM "clientes" WHERE "clientes"."id" = ? LIMIT 1[0m  [["id", 8]]
  Rendered clientes/show.html.erb within layouts/application (4.4ms)
  Rendered layouts/_navigation_links.html.erb (0.2ms)
  Rendered layouts/_messages.html.erb (0.4ms)
  Rendered layouts/_footer.html.erb (1.0ms)
Completed 200 OK in 322ms (Views: 300.9ms | ActiveRecord: 1.2ms)


Started GET "/clientes/8/edit" for 127.0.0.1 at 2015-05-09 14:07:20 -0500
Processing by ClientesController#edit as HTML
  Parameters: {"id"=>"8"}
  [1m[35mCliente Load (0.4ms)[0m  SELECT  "clientes".* FROM "clientes" WHERE "clientes"."id" = ? LIMIT 1  [["id", 8]]
  Rendered clientes/_form.html.erb (28.7ms)
  Rendered clientes/edit.html.erb within layouts/application (33.1ms)
  Rendered layouts/_navigation_links.html.erb (0.2ms)
  Rendered layouts/_messages.html.erb (0.3ms)
  Rendered layouts/_footer.html.erb (1.0ms)
Completed 200 OK in 340ms (Views: 336.0ms | ActiveRecord: 0.4ms)


Started PATCH "/clientes/8" for 127.0.0.1 at 2015-05-09 14:07:23 -0500
Processing by ClientesController#update as HTML
  Parameters: {"utf8"=>"✓", "authenticity_token"=>"O/EWJR26tRpMuOrwPjJ2czwLkQrtaj/qhbU9XpEXfi41mVYPINFH7LmWW8Z0ao3zwfM1SgNu/IuqK1WtRKdUqg==", "cliente"=>{"nombre"=>"rdcftvg", "telefono"=>"rftvg", "celular"=>"ftvgyb", "barrio"=>"tfvgybh", "direccion"=>"ftvgybh", "referenciadir"=>"ftvgybh", "fecha(1i)"=>"2015", "fecha(2i)"=>"5", "fecha(3i)"=>"9", "hora"=>"ftvgybh", "ocacion"=>"tvgbyh", "valor"=>"4567"}, "commit"=>"Guardar", "id"=>"8"}
  [1m[36mCliente Load (0.5ms)[0m  [1mSELECT  "clientes".* FROM "clientes" WHERE "clientes"."id" = ? LIMIT 1[0m  [["id", 8]]
  [1m[35m (0.3ms)[0m  begin transaction
  [1m[36m (0.3ms)[0m  [1mcommit transaction[0m
Redirected to http://localhost:3000/clientes/8
Completed 302 Found in 19ms (ActiveRecord: 1.1ms)


Started GET "/clientes/8" for 127.0.0.1 at 2015-05-09 14:07:23 -0500
Processing by ClientesController#show as HTML
  Parameters: {"id"=>"8"}
  [1m[35mCliente Load (0.4ms)[0m  SELECT  "clientes".* FROM "clientes" WHERE "clientes"."id" = ? LIMIT 1  [["id", 8]]
  Rendered clientes/show.html.erb within layouts/application (1.7ms)
  Rendered layouts/_navigation_links.html.erb (0.2ms)
  Rendered layouts/_messages.html.erb (0.4ms)
  Rendered layouts/_footer.html.erb (0.9ms)
Completed 200 OK in 237ms (Views: 233.3ms | ActiveRecord: 0.4ms)


Started GET "/clientes" for 127.0.0.1 at 2015-05-09 14:07:26 -0500
Processing by ClientesController#index as HTML
  [1m[36mCliente Load (1.3ms)[0m  [1mSELECT  "clientes".* FROM "clientes" WHERE (upper(nombre) like '%%')  ORDER BY nombre LIMIT 10 OFFSET 0[0m
  [1m[35m (0.7ms)[0m  SELECT COUNT(*) FROM "clientes" WHERE (upper(nombre) like '%%')
  Rendered clientes/index.html.erb within layouts/application (18.8ms)
  Rendered layouts/_navigation_links.html.erb (0.2ms)
  Rendered layouts/_messages.html.erb (0.2ms)
  Rendered layouts/_footer.html.erb (0.8ms)
Completed 200 OK in 235ms (Views: 230.8ms | ActiveRecord: 2.0ms)


Started GET "/clientes/new" for 127.0.0.1 at 2015-05-09 14:07:31 -0500
Processing by ClientesController#new as HTML
  Rendered clientes/_form.html.erb (21.0ms)
  Rendered clientes/new.html.erb within layouts/application (23.5ms)
  Rendered layouts/_navigation_links.html.erb (0.2ms)
  Rendered layouts/_messages.html.erb (0.4ms)
  Rendered layouts/_footer.html.erb (0.8ms)
Completed 200 OK in 254ms (Views: 252.2ms | ActiveRecord: 0.0ms)


Started POST "/clientes" for 127.0.0.1 at 2015-05-09 14:07:50 -0500
Processing by ClientesController#create as HTML
  Parameters: {"utf8"=>"✓", "authenticity_token"=>"/wMyLhEoSsfuF0/kRobaHrDz3xHW4nyR0NRV1x6hpErxa3IELEO4MRs5/tIM3iGeTQt7UTjmv/D/Sj0kyxGOzg==", "cliente"=>{"nombre"=>"ftgybhnu", "telefono"=>"ftvgybhu", "celular"=>"ftvgybh", "barrio"=>"ftvgybh", "direccion"=>"fvtgbyh", "referenciadir"=>"rftgyhftvgybh", "fecha(1i)"=>"2015", "fecha(2i)"=>"5", "fecha(3i)"=>"9", "hora"=>"vt gybh", "ocacion"=>"tfvgy", "valor"=>"34567"}, "commit"=>"Guardar"}
  [1m[36m (0.3ms)[0m  [1mbegin transaction[0m
  [1m[35mSQL (1.7ms)[0m  INSERT INTO "clientes" ("nombre", "telefono", "celular", "barrio", "direccion", "referenciadir", "hora", "ocacion", "valor", "fecha", "created_at", "updated_at") VALUES (?, ?, ?, ?, ?, ?, ?, ?, ?, ?, ?, ?)  [["nombre", "ftgybhnu"], ["telefono", "ftvgybhu"], ["celular", "ftvgybh"], ["barrio", "ftvgybh"], ["direccion", "fvtgbyh"], ["referenciadir", "rftgyhftvgybh"], ["hora", "vt gybh"], ["ocacion", "tfvgy"], ["valor", 34567], ["fecha", "2015-05-09"], ["created_at", "2015-05-09 19:07:50.706837"], ["updated_at", "2015-05-09 19:07:50.706837"]]
  [1m[36m (240.6ms)[0m  [1mcommit transaction[0m
Redirected to http://localhost:3000/clientes/9
Completed 302 Found in 269ms (ActiveRecord: 242.5ms)


Started GET "/clientes/9" for 127.0.0.1 at 2015-05-09 14:07:50 -0500
Processing by ClientesController#show as HTML
  Parameters: {"id"=>"9"}
  [1m[35mCliente Load (0.4ms)[0m  SELECT  "clientes".* FROM "clientes" WHERE "clientes"."id" = ? LIMIT 1  [["id", 9]]
  Rendered clientes/show.html.erb within layouts/application (3.0ms)
  Rendered layouts/_navigation_links.html.erb (0.2ms)
  Rendered layouts/_messages.html.erb (0.3ms)
  Rendered layouts/_footer.html.erb (1.0ms)
Completed 200 OK in 232ms (Views: 228.4ms | ActiveRecord: 0.4ms)


Started GET "/clientes" for 127.0.0.1 at 2015-05-09 14:07:56 -0500
Processing by ClientesController#index as HTML
  [1m[36mCliente Load (1.3ms)[0m  [1mSELECT  "clientes".* FROM "clientes" WHERE (upper(nombre) like '%%')  ORDER BY nombre LIMIT 10 OFFSET 0[0m
  [1m[35m (0.8ms)[0m  SELECT COUNT(*) FROM "clientes" WHERE (upper(nombre) like '%%')
  Rendered clientes/index.html.erb within layouts/application (20.3ms)
  Rendered layouts/_navigation_links.html.erb (0.2ms)
  Rendered layouts/_messages.html.erb (0.2ms)
  Rendered layouts/_footer.html.erb (0.8ms)
Completed 200 OK in 235ms (Views: 230.1ms | ActiveRecord: 2.1ms)


Started GET "/clientes/new" for 127.0.0.1 at 2015-05-09 14:08:00 -0500
Processing by ClientesController#new as HTML
  Rendered clientes/_form.html.erb (21.3ms)
  Rendered clientes/new.html.erb within layouts/application (23.9ms)
  Rendered layouts/_navigation_links.html.erb (0.2ms)
  Rendered layouts/_messages.html.erb (0.3ms)
  Rendered layouts/_footer.html.erb (0.9ms)
Completed 200 OK in 239ms (Views: 237.6ms | ActiveRecord: 0.0ms)


Started POST "/clientes" for 127.0.0.1 at 2015-05-09 14:08:12 -0500
Processing by ClientesController#create as HTML
  Parameters: {"utf8"=>"✓", "authenticity_token"=>"OTcltkWSJe85gMmOh64dKAEeBOlttdafxNEI6+nWmjg3X2WcePnXGcyueLjN9uao/OagqYOxFf7rT2AYPGawvA==", "cliente"=>{"nombre"=>"34edr5ft", "telefono"=>"rfvtg", "celular"=>"f5vtgb", "barrio"=>"fvtgybh", "direccion"=>"tgbyhu", "referenciadir"=>"rfvtgbyh", "fecha(1i)"=>"2015", "fecha(2i)"=>"5", "fecha(3i)"=>"9", "hora"=>"rfvtgby", "ocacion"=>"ftvgy", "valor"=>"3456789"}, "commit"=>"Guardar"}
  [1m[36m (0.3ms)[0m  [1mbegin transaction[0m
  [1m[35mSQL (1.4ms)[0m  INSERT INTO "clientes" ("nombre", "telefono", "celular", "barrio", "direccion", "referenciadir", "hora", "ocacion", "valor", "fecha", "created_at", "updated_at") VALUES (?, ?, ?, ?, ?, ?, ?, ?, ?, ?, ?, ?)  [["nombre", "34edr5ft"], ["telefono", "rfvtg"], ["celular", "f5vtgb"], ["barrio", "fvtgybh"], ["direccion", "tgbyhu"], ["referenciadir", "rfvtgbyh"], ["hora", "rfvtgby"], ["ocacion", "ftvgy"], ["valor", 3456789], ["fecha", "2015-05-09"], ["created_at", "2015-05-09 19:08:12.152867"], ["updated_at", "2015-05-09 19:08:12.152867"]]
  [1m[36m (261.5ms)[0m  [1mcommit transaction[0m
Redirected to http://localhost:3000/clientes/10
Completed 302 Found in 286ms (ActiveRecord: 263.3ms)


Started GET "/clientes/10" for 127.0.0.1 at 2015-05-09 14:08:12 -0500
Processing by ClientesController#show as HTML
  Parameters: {"id"=>"10"}
  [1m[35mCliente Load (0.4ms)[0m  SELECT  "clientes".* FROM "clientes" WHERE "clientes"."id" = ? LIMIT 1  [["id", 10]]
  Rendered clientes/show.html.erb within layouts/application (1.6ms)
  Rendered layouts/_navigation_links.html.erb (0.2ms)
  Rendered layouts/_messages.html.erb (0.4ms)
  Rendered layouts/_footer.html.erb (1.0ms)
Completed 200 OK in 221ms (Views: 217.4ms | ActiveRecord: 0.4ms)


Started GET "/clientes" for 127.0.0.1 at 2015-05-09 14:08:17 -0500
Processing by ClientesController#index as HTML
  [1m[36mCliente Load (1.3ms)[0m  [1mSELECT  "clientes".* FROM "clientes" WHERE (upper(nombre) like '%%')  ORDER BY nombre LIMIT 10 OFFSET 0[0m
  [1m[35m (0.6ms)[0m  SELECT COUNT(*) FROM "clientes" WHERE (upper(nombre) like '%%')
  Rendered clientes/index.html.erb within layouts/application (20.5ms)
  Rendered layouts/_navigation_links.html.erb (0.2ms)
  Rendered layouts/_messages.html.erb (0.2ms)
  Rendered layouts/_footer.html.erb (1.0ms)
Completed 200 OK in 237ms (Views: 232.8ms | ActiveRecord: 1.9ms)


Started GET "/clientes/new" for 127.0.0.1 at 2015-05-09 14:08:43 -0500
Processing by ClientesController#new as HTML
  Rendered clientes/_form.html.erb (28.8ms)
  Rendered clientes/new.html.erb within layouts/application (32.0ms)
  Rendered layouts/_navigation_links.html.erb (0.2ms)
  Rendered layouts/_messages.html.erb (0.3ms)
  Rendered layouts/_footer.html.erb (1.0ms)
Completed 200 OK in 251ms (Views: 249.4ms | ActiveRecord: 0.0ms)


Started POST "/clientes" for 127.0.0.1 at 2015-05-09 14:09:14 -0500
Processing by ClientesController#create as HTML
  Parameters: {"utf8"=>"✓", "authenticity_token"=>"Ts3Q/wGQATptnr79gwNuRFDYegY15NbgtTX3GItWrV9ApZDVPPvzzJiwD8vJW5XErSDeRtvgFYGaq5/rXuaH2w==", "cliente"=>{"nombre"=>"3e4r5", "telefono"=>"rtfvgy", "celular"=>"rcftvg", "barrio"=>"rfvtg", "direccion"=>"rcfvtg", "referenciadir"=>"ftvgyb", "fecha(1i)"=>"2015", "fecha(2i)"=>"5", "fecha(3i)"=>"9", "hora"=>"rcfvtgy", "ocacion"=>"edrcfvtgy", "valor"=>"34567"}, "commit"=>"Guardar"}
  [1m[36m (0.3ms)[0m  [1mbegin transaction[0m
  [1m[35mSQL (3.3ms)[0m  INSERT INTO "clientes" ("nombre", "telefono", "celular", "barrio", "direccion", "referenciadir", "hora", "ocacion", "valor", "fecha", "created_at", "updated_at") VALUES (?, ?, ?, ?, ?, ?, ?, ?, ?, ?, ?, ?)  [["nombre", "3e4r5"], ["telefono", "rtfvgy"], ["celular", "rcftvg"], ["barrio", "rfvtg"], ["direccion", "rcfvtg"], ["referenciadir", "ftvgyb"], ["hora", "rcfvtgy"], ["ocacion", "edrcfvtgy"], ["valor", 34567], ["fecha", "2015-05-09"], ["created_at", "2015-05-09 19:09:14.143776"], ["updated_at", "2015-05-09 19:09:14.143776"]]
  [1m[36m (214.3ms)[0m  [1mcommit transaction[0m
Redirected to http://localhost:3000/clientes/11
Completed 302 Found in 256ms (ActiveRecord: 217.8ms)


Started GET "/clientes/11" for 127.0.0.1 at 2015-05-09 14:09:14 -0500
Processing by ClientesController#show as HTML
  Parameters: {"id"=>"11"}
  [1m[35mCliente Load (0.5ms)[0m  SELECT  "clientes".* FROM "clientes" WHERE "clientes"."id" = ? LIMIT 1  [["id", 11]]
  Rendered clientes/show.html.erb within layouts/application (1.7ms)
  Rendered layouts/_navigation_links.html.erb (0.2ms)
  Rendered layouts/_messages.html.erb (0.5ms)
  Rendered layouts/_footer.html.erb (0.9ms)
Completed 200 OK in 221ms (Views: 216.6ms | ActiveRecord: 0.5ms)


Started GET "/clientes" for 127.0.0.1 at 2015-05-09 14:09:21 -0500
Processing by ClientesController#index as HTML
  [1m[36mCliente Load (1.3ms)[0m  [1mSELECT  "clientes".* FROM "clientes" WHERE (upper(nombre) like '%%')  ORDER BY nombre LIMIT 10 OFFSET 0[0m
  [1m[35m (0.6ms)[0m  SELECT COUNT(*) FROM "clientes" WHERE (upper(nombre) like '%%')
  [1m[36mCACHE (0.1ms)[0m  [1mSELECT COUNT(*) FROM "clientes" WHERE (upper(nombre) like '%%')[0m
  Rendered clientes/index.html.erb within layouts/application (26.0ms)
  Rendered layouts/_navigation_links.html.erb (0.2ms)
  Rendered layouts/_messages.html.erb (0.2ms)
  Rendered layouts/_footer.html.erb (0.8ms)
Completed 200 OK in 245ms (Views: 240.5ms | ActiveRecord: 2.0ms)


Started GET "/clientes/new" for 127.0.0.1 at 2015-05-09 14:09:38 -0500
Processing by ClientesController#new as HTML
  Rendered clientes/_form.html.erb (21.8ms)
  Rendered clientes/new.html.erb within layouts/application (24.9ms)
  Rendered layouts/_navigation_links.html.erb (0.2ms)
  Rendered layouts/_messages.html.erb (0.3ms)
  Rendered layouts/_footer.html.erb (0.8ms)
Completed 200 OK in 246ms (Views: 244.6ms | ActiveRecord: 0.0ms)


Started POST "/clientes" for 127.0.0.1 at 2015-05-09 14:09:51 -0500
Processing by ClientesController#create as HTML
  Parameters: {"utf8"=>"✓", "authenticity_token"=>"Hgv1XPMnnejwrb2kFFcddZYAGCmeAoPIq4xhcHdd8ZcQY7V2zkxvHgWDDJJeD+b1a/i8aXAGQKmEEgmDou3bEw==", "cliente"=>{"nombre"=>"e4dr5ftgy7h", "telefono"=>"drftgy", "celular"=>"drfvtg", "barrio"=>"drcftvgyb", "direccion"=>"rftvgybh", "referenciadir"=>"fvtgybh", "fecha(1i)"=>"2015", "fecha(2i)"=>"5", "fecha(3i)"=>"9", "hora"=>"rftvgy", "ocacion"=>"rftvgybh", "valor"=>"34567"}, "commit"=>"Guardar"}
  [1m[35m (0.3ms)[0m  begin transaction
  [1m[36mSQL (1.8ms)[0m  [1mINSERT INTO "clientes" ("nombre", "telefono", "celular", "barrio", "direccion", "referenciadir", "hora", "ocacion", "valor", "fecha", "created_at", "updated_at") VALUES (?, ?, ?, ?, ?, ?, ?, ?, ?, ?, ?, ?)[0m  [["nombre", "e4dr5ftgy7h"], ["telefono", "drftgy"], ["celular", "drfvtg"], ["barrio", "drcftvgyb"], ["direccion", "rftvgybh"], ["referenciadir", "fvtgybh"], ["hora", "rftvgy"], ["ocacion", "rftvgybh"], ["valor", 34567], ["fecha", "2015-05-09"], ["created_at", "2015-05-09 19:09:51.224544"], ["updated_at", "2015-05-09 19:09:51.224544"]]
  [1m[35m (254.9ms)[0m  commit transaction
Redirected to http://localhost:3000/clientes/12
Completed 302 Found in 281ms (ActiveRecord: 257.0ms)


Started GET "/clientes/12" for 127.0.0.1 at 2015-05-09 14:09:51 -0500
Processing by ClientesController#show as HTML
  Parameters: {"id"=>"12"}
  [1m[36mCliente Load (0.4ms)[0m  [1mSELECT  "clientes".* FROM "clientes" WHERE "clientes"."id" = ? LIMIT 1[0m  [["id", 12]]
  Rendered clientes/show.html.erb within layouts/application (1.6ms)
  Rendered layouts/_navigation_links.html.erb (0.3ms)
  Rendered layouts/_messages.html.erb (0.4ms)
  Rendered layouts/_footer.html.erb (0.9ms)
Completed 200 OK in 238ms (Views: 234.3ms | ActiveRecord: 0.4ms)


Started GET "/clientes" for 127.0.0.1 at 2015-05-09 14:09:58 -0500
Processing by ClientesController#index as HTML
  [1m[35mCliente Load (1.4ms)[0m  SELECT  "clientes".* FROM "clientes" WHERE (upper(nombre) like '%%')  ORDER BY nombre LIMIT 10 OFFSET 0
  [1m[36m (0.7ms)[0m  [1mSELECT COUNT(*) FROM "clientes" WHERE (upper(nombre) like '%%')[0m
  [1m[35mCACHE (0.1ms)[0m  SELECT COUNT(*) FROM "clientes" WHERE (upper(nombre) like '%%')
  Rendered clientes/index.html.erb within layouts/application (26.6ms)
  Rendered layouts/_navigation_links.html.erb (0.2ms)
  Rendered layouts/_messages.html.erb (0.2ms)
  Rendered layouts/_footer.html.erb (0.8ms)
Completed 200 OK in 249ms (Views: 244.1ms | ActiveRecord: 2.2ms)


Started GET "/clientes?page=2" for 127.0.0.1 at 2015-05-09 14:10:14 -0500
Processing by ClientesController#index as HTML
  Parameters: {"page"=>"2"}
  [1m[36mCliente Load (1.1ms)[0m  [1mSELECT  "clientes".* FROM "clientes" WHERE (upper(nombre) like '%%')  ORDER BY nombre LIMIT 10 OFFSET 10[0m
  [1m[35m (0.5ms)[0m  SELECT COUNT(*) FROM "clientes" WHERE (upper(nombre) like '%%')
  Rendered clientes/index.html.erb within layouts/application (12.9ms)
  Rendered layouts/_navigation_links.html.erb (0.2ms)
  Rendered layouts/_messages.html.erb (0.2ms)
  Rendered layouts/_footer.html.erb (0.8ms)
Completed 200 OK in 232ms (Views: 227.3ms | ActiveRecord: 1.6ms)


Started GET "/clientes?page=1" for 127.0.0.1 at 2015-05-09 14:10:29 -0500
Processing by ClientesController#index as HTML
  Parameters: {"page"=>"1"}
  [1m[36mCliente Load (1.5ms)[0m  [1mSELECT  "clientes".* FROM "clientes" WHERE (upper(nombre) like '%%')  ORDER BY nombre LIMIT 10 OFFSET 0[0m
  [1m[35m (1.1ms)[0m  SELECT COUNT(*) FROM "clientes" WHERE (upper(nombre) like '%%')
  [1m[36mCACHE (0.1ms)[0m  [1mSELECT COUNT(*) FROM "clientes" WHERE (upper(nombre) like '%%')[0m
  Rendered clientes/index.html.erb within layouts/application (31.6ms)
  Rendered layouts/_navigation_links.html.erb (0.2ms)
  Rendered layouts/_messages.html.erb (0.2ms)
  Rendered layouts/_footer.html.erb (0.9ms)
Completed 200 OK in 270ms (Views: 264.3ms | ActiveRecord: 2.7ms)


Started GET "/clientes?page=1" for 127.0.0.1 at 2015-05-09 14:13:42 -0500
  [1m[36mActiveRecord::SchemaMigration Load (0.5ms)[0m  [1mSELECT "schema_migrations".* FROM "schema_migrations"[0m
Processing by ClientesController#index as HTML
  Parameters: {"page"=>"1"}
  [1m[35mCliente Load (1.6ms)[0m  SELECT  "clientes".* FROM "clientes" WHERE (upper(nombre) like '%%')  ORDER BY nombre LIMIT 12 OFFSET 0
  [1m[36m (0.7ms)[0m  [1mSELECT COUNT(*) FROM "clientes" WHERE (upper(nombre) like '%%')[0m
  Rendered clientes/index.html.erb within layouts/application (73.8ms)
  Rendered layouts/_navigation_links.html.erb (1.3ms)
  Rendered layouts/_messages.html.erb (1.9ms)
  Rendered layouts/_footer.html.erb (2.9ms)
Completed 200 OK in 919ms (Views: 871.7ms | ActiveRecord: 3.8ms)


Started GET "/clientes/new" for 127.0.0.1 at 2015-05-09 14:13:50 -0500
Processing by ClientesController#new as HTML
  Rendered clientes/_form.html.erb (78.7ms)
  Rendered clientes/new.html.erb within layouts/application (83.3ms)
  Rendered layouts/_navigation_links.html.erb (1.2ms)
  Rendered layouts/_messages.html.erb (1.8ms)
  Rendered layouts/_footer.html.erb (2.0ms)
Completed 200 OK in 292ms (Views: 290.1ms | ActiveRecord: 0.0ms)


Started POST "/clientes" for 127.0.0.1 at 2015-05-09 14:14:26 -0500
Processing by ClientesController#create as HTML
  Parameters: {"utf8"=>"✓", "authenticity_token"=>"2OvBY+gcYQyZ5lIpxPf2o6BwdzsQBlmQOLVsjICFXmLWg4FJ1XeT+mzI4x+Orw0jXYjTe/4CmvEXKwR/VTV05g==", "cliente"=>{"nombre"=>"drftgy", "telefono"=>"drftg", "celular"=>"cfvgbh", "barrio"=>"trfygbh", "direccion"=>"dfvgybh", "referenciadir"=>"fgvbhnj", "fecha(1i)"=>"2015", "fecha(2i)"=>"5", "fecha(3i)"=>"9", "hora"=>"fvgbh", "ocacion"=>"fgvb", "valor"=>"34567"}, "commit"=>"Guardar"}
  [1m[35m (0.6ms)[0m  begin transaction
  [1m[36mSQL (1.7ms)[0m  [1mINSERT INTO "clientes" ("nombre", "telefono", "celular", "barrio", "direccion", "referenciadir", "hora", "ocacion", "valor", "fecha", "created_at", "updated_at") VALUES (?, ?, ?, ?, ?, ?, ?, ?, ?, ?, ?, ?)[0m  [["nombre", "drftgy"], ["telefono", "drftg"], ["celular", "cfvgbh"], ["barrio", "trfygbh"], ["direccion", "dfvgybh"], ["referenciadir", "fgvbhnj"], ["hora", "fvgbh"], ["ocacion", "fgvb"], ["valor", 34567], ["fecha", "2015-05-09"], ["created_at", "2015-05-09 19:14:26.452489"], ["updated_at", "2015-05-09 19:14:26.452489"]]
  [1m[35m (245.8ms)[0m  commit transaction
Redirected to http://localhost:3000/clientes/13
Completed 302 Found in 269ms (ActiveRecord: 248.1ms)


Started GET "/clientes/13" for 127.0.0.1 at 2015-05-09 14:14:26 -0500
Processing by ClientesController#show as HTML
  Parameters: {"id"=>"13"}
  [1m[36mCliente Load (0.7ms)[0m  [1mSELECT  "clientes".* FROM "clientes" WHERE "clientes"."id" = ? LIMIT 1[0m  [["id", 13]]
  Rendered clientes/show.html.erb within layouts/application (4.9ms)
  Rendered layouts/_navigation_links.html.erb (0.2ms)
  Rendered layouts/_messages.html.erb (0.4ms)
  Rendered layouts/_footer.html.erb (1.2ms)
Completed 200 OK in 300ms (Views: 282.1ms | ActiveRecord: 0.7ms)


Started GET "/clientes" for 127.0.0.1 at 2015-05-09 14:14:38 -0500
Processing by ClientesController#index as HTML
  [1m[35mCliente Load (1.5ms)[0m  SELECT  "clientes".* FROM "clientes" WHERE (upper(nombre) like '%%')  ORDER BY nombre LIMIT 12 OFFSET 0
  [1m[36m (0.7ms)[0m  [1mSELECT COUNT(*) FROM "clientes" WHERE (upper(nombre) like '%%')[0m
  [1m[35mCACHE (0.1ms)[0m  SELECT COUNT(*) FROM "clientes" WHERE (upper(nombre) like '%%')
  Rendered clientes/index.html.erb within layouts/application (34.4ms)
  Rendered layouts/_navigation_links.html.erb (0.2ms)
  Rendered layouts/_messages.html.erb (0.2ms)
  Rendered layouts/_footer.html.erb (0.8ms)
Completed 200 OK in 264ms (Views: 255.5ms | ActiveRecord: 2.3ms)


Started GET "/clientes/new" for 127.0.0.1 at 2015-05-09 14:14:51 -0500
Processing by ClientesController#new as HTML
  Rendered clientes/_form.html.erb (25.2ms)
  Rendered clientes/new.html.erb within layouts/application (28.3ms)
  Rendered layouts/_navigation_links.html.erb (0.2ms)
  Rendered layouts/_messages.html.erb (0.3ms)
  Rendered layouts/_footer.html.erb (0.7ms)
Completed 200 OK in 322ms (Views: 319.9ms | ActiveRecord: 0.0ms)


Started POST "/clientes" for 127.0.0.1 at 2015-05-09 14:15:26 -0500
Processing by ClientesController#create as HTML
  Parameters: {"utf8"=>"✓", "authenticity_token"=>"Aro1zMIBgSOfb6m+iBqtZVaPIcky1lL27mYnQ3cC3gUM0nXm/2pz1WpBGIjCQlblq3eFidzSkZfB+E+worL0gQ==", "cliente"=>{"nombre"=>"rdtf", "telefono"=>"rftgy", "celular"=>"rftvgy", "barrio"=>"rftvgy", "direccion"=>"rftvgybh", "referenciadir"=>"vhb ", "fecha(1i)"=>"2015", "fecha(2i)"=>"5", "fecha(3i)"=>"9", "hora"=>"fgvh", "ocacion"=>"fgvhbj", "valor"=>"4567"}, "commit"=>"Guardar"}
  [1m[36m (0.9ms)[0m  [1mbegin transaction[0m
  [1m[35m (0.3ms)[0m  rollback transaction
  Rendered clientes/_form.html.erb (40.9ms)
  Rendered clientes/new.html.erb within layouts/application (48.7ms)
  Rendered layouts/_navigation_links.html.erb (0.2ms)
  Rendered layouts/_messages.html.erb (0.3ms)
  Rendered layouts/_footer.html.erb (1.1ms)
Completed 200 OK in 388ms (Views: 351.0ms | ActiveRecord: 1.1ms)


Started POST "/clientes" for 127.0.0.1 at 2015-05-09 14:15:50 -0500
Processing by ClientesController#create as HTML
  Parameters: {"utf8"=>"✓", "authenticity_token"=>"+7eWwFjdMF7JlZNj8zZeci1rTzxA0FQdLA6LFOsW/GP139bqZbbCqDy7IlW5bqXy0JPrfK7Ul3wDkOPnPqbW5w==", "cliente"=>{"nombre"=>"rdtffghj", "telefono"=>"rftgy", "celular"=>"rftvgy", "barrio"=>"rftvgy", "direccion"=>"rftvgybh", "referenciadir"=>"vhb ", "fecha(1i)"=>"2015", "fecha(2i)"=>"5", "fecha(3i)"=>"9", "hora"=>"fgvh", "ocacion"=>"fgvhbj", "valor"=>"4567"}, "commit"=>"Guardar"}
  [1m[36m (0.3ms)[0m  [1mbegin transaction[0m
  [1m[35mSQL (1.4ms)[0m  INSERT INTO "clientes" ("nombre", "telefono", "celular", "barrio", "direccion", "referenciadir", "hora", "ocacion", "valor", "fecha", "created_at", "updated_at") VALUES (?, ?, ?, ?, ?, ?, ?, ?, ?, ?, ?, ?)  [["nombre", "rdtffghj"], ["telefono", "rftgy"], ["celular", "rftvgy"], ["barrio", "rftvgy"], ["direccion", "rftvgybh"], ["referenciadir", "vhb "], ["hora", "fgvh"], ["ocacion", "fgvhbj"], ["valor", 4567], ["fecha", "2015-05-09"], ["created_at", "2015-05-09 19:15:50.633066"], ["updated_at", "2015-05-09 19:15:50.633066"]]
  [1m[36m (263.7ms)[0m  [1mcommit transaction[0m
Redirected to http://localhost:3000/clientes/14
Completed 302 Found in 284ms (ActiveRecord: 265.4ms)


Started GET "/clientes/14" for 127.0.0.1 at 2015-05-09 14:15:50 -0500
Processing by ClientesController#show as HTML
  Parameters: {"id"=>"14"}
  [1m[35mCliente Load (0.4ms)[0m  SELECT  "clientes".* FROM "clientes" WHERE "clientes"."id" = ? LIMIT 1  [["id", 14]]
  Rendered clientes/show.html.erb within layouts/application (1.8ms)
  Rendered layouts/_navigation_links.html.erb (0.2ms)
  Rendered layouts/_messages.html.erb (0.4ms)
  Rendered layouts/_footer.html.erb (0.8ms)
Completed 200 OK in 219ms (Views: 213.7ms | ActiveRecord: 0.4ms)


Started GET "/clientes" for 127.0.0.1 at 2015-05-09 14:15:55 -0500
Processing by ClientesController#index as HTML
  [1m[36mCliente Load (1.5ms)[0m  [1mSELECT  "clientes".* FROM "clientes" WHERE (upper(nombre) like '%%')  ORDER BY nombre LIMIT 12 OFFSET 0[0m
  [1m[35m (0.6ms)[0m  SELECT COUNT(*) FROM "clientes" WHERE (upper(nombre) like '%%')
  [1m[36mCACHE (0.1ms)[0m  [1mSELECT COUNT(*) FROM "clientes" WHERE (upper(nombre) like '%%')[0m
  Rendered clientes/index.html.erb within layouts/application (31.2ms)
  Rendered layouts/_navigation_links.html.erb (0.2ms)
  Rendered layouts/_messages.html.erb (0.2ms)
  Rendered layouts/_footer.html.erb (0.8ms)
Completed 200 OK in 243ms (Views: 238.5ms | ActiveRecord: 2.2ms)


Started GET "/clientes?page=2" for 127.0.0.1 at 2015-05-09 14:19:24 -0500
Processing by ClientesController#index as HTML
  Parameters: {"page"=>"2"}
  [1m[35mCliente Load (1.1ms)[0m  SELECT  "clientes".* FROM "clientes" WHERE (upper(nombre) like '%%')  ORDER BY nombre LIMIT 12 OFFSET 12
  [1m[36m (0.5ms)[0m  [1mSELECT COUNT(*) FROM "clientes" WHERE (upper(nombre) like '%%')[0m
  Rendered clientes/index.html.erb within layouts/application (11.4ms)
  Rendered layouts/_navigation_links.html.erb (0.2ms)
  Rendered layouts/_messages.html.erb (0.2ms)
  Rendered layouts/_footer.html.erb (0.8ms)
Completed 200 OK in 251ms (Views: 246.4ms | ActiveRecord: 1.7ms)


Started GET "/clientes?page=1" for 127.0.0.1 at 2015-05-09 14:19:28 -0500
Processing by ClientesController#index as HTML
  Parameters: {"page"=>"1"}
  [1m[35mCliente Load (1.4ms)[0m  SELECT  "clientes".* FROM "clientes" WHERE (upper(nombre) like '%%')  ORDER BY nombre LIMIT 12 OFFSET 0
  [1m[36m (0.6ms)[0m  [1mSELECT COUNT(*) FROM "clientes" WHERE (upper(nombre) like '%%')[0m
  [1m[35mCACHE (0.1ms)[0m  SELECT COUNT(*) FROM "clientes" WHERE (upper(nombre) like '%%')
  Rendered clientes/index.html.erb within layouts/application (28.3ms)
  Rendered layouts/_navigation_links.html.erb (0.2ms)
  Rendered layouts/_messages.html.erb (0.2ms)
  Rendered layouts/_footer.html.erb (0.9ms)
Completed 200 OK in 250ms (Views: 245.4ms | ActiveRecord: 2.1ms)


Started GET "/clientes?page=1" for 127.0.0.1 at 2015-05-09 14:26:01 -0500
  [1m[36mActiveRecord::SchemaMigration Load (0.5ms)[0m  [1mSELECT "schema_migrations".* FROM "schema_migrations"[0m
Processing by ClientesController#index as HTML
  Parameters: {"page"=>"1"}
  [1m[35mCliente Load (1.8ms)[0m  SELECT  "clientes".* FROM "clientes" WHERE (upper(nombre) like '%%')  ORDER BY nombre LIMIT 10 OFFSET 0
  [1m[36m (0.6ms)[0m  [1mSELECT COUNT(*) FROM "clientes" WHERE (upper(nombre) like '%%')[0m
  [1m[35mCACHE (0.1ms)[0m  SELECT COUNT(*) FROM "clientes" WHERE (upper(nombre) like '%%')
  Rendered clientes/index.html.erb within layouts/application (78.3ms)
  Rendered layouts/_navigation_links.html.erb (1.1ms)
  Rendered layouts/_messages.html.erb (1.9ms)
  Rendered layouts/_footer.html.erb (2.2ms)
Completed 200 OK in 926ms (Views: 876.7ms | ActiveRecord: 3.9ms)


Started GET "/clientes?page=2" for 127.0.0.1 at 2015-05-09 14:28:37 -0500
Processing by ClientesController#index as HTML
  Parameters: {"page"=>"2"}
  [1m[36mCliente Load (1.2ms)[0m  [1mSELECT  "clientes".* FROM "clientes" WHERE (upper(nombre) like '%%')  ORDER BY nombre LIMIT 10 OFFSET 10[0m
  [1m[35m (0.6ms)[0m  SELECT COUNT(*) FROM "clientes" WHERE (upper(nombre) like '%%')
  Rendered clientes/index.html.erb within layouts/application (18.7ms)
  Rendered layouts/_navigation_links.html.erb (1.2ms)
  Rendered layouts/_messages.html.erb (1.8ms)
  Rendered layouts/_footer.html.erb (1.9ms)
Completed 200 OK in 237ms (Views: 232.2ms | ActiveRecord: 1.8ms)


Started GET "/clientes?page=1" for 127.0.0.1 at 2015-05-09 14:28:40 -0500
Processing by ClientesController#index as HTML
  Parameters: {"page"=>"1"}
  [1m[36mCliente Load (1.5ms)[0m  [1mSELECT  "clientes".* FROM "clientes" WHERE (upper(nombre) like '%%')  ORDER BY nombre LIMIT 10 OFFSET 0[0m
  [1m[35m (0.6ms)[0m  SELECT COUNT(*) FROM "clientes" WHERE (upper(nombre) like '%%')
  [1m[36mCACHE (0.1ms)[0m  [1mSELECT COUNT(*) FROM "clientes" WHERE (upper(nombre) like '%%')[0m
  Rendered clientes/index.html.erb within layouts/application (27.7ms)
  Rendered layouts/_navigation_links.html.erb (0.2ms)
  Rendered layouts/_messages.html.erb (0.2ms)
  Rendered layouts/_footer.html.erb (0.9ms)
Completed 200 OK in 238ms (Views: 233.6ms | ActiveRecord: 2.1ms)
